# project  configured on Sun Feb 17 01:25:36 2013 by
# waf 1.6.11 (abi 98, python 20703f0 on linux2)
# using ./waf configure
#
----------------------------------------
Setting top to
/w/ugrad.10/cs/dao/cs118
----------------------------------------
Setting out to
/w/ugrad.10/cs/dao/cs118/build
----------------------------------------
Checking for 'gcc' (c compiler)
find program=['gcc', 'cc'] paths=['/usr/local/cs/bin', '/usr/lib64/qt-3.3/bin', '/usr/local/bin', '/bin', '/usr/bin', '/opt/dell/srvadmin/bin', '/usr/X11R6/bin'] var='CC' -> '/usr/local/cs/bin/gcc'
find program=['ar'] paths=['/usr/local/cs/bin', '/usr/lib64/qt-3.3/bin', '/usr/local/bin', '/bin', '/usr/bin', '/opt/dell/srvadmin/bin', '/usr/X11R6/bin'] var='AR' -> '/usr/bin/ar'
/usr/local/cs/bin/gcc
----------------------------------------
Checking for 'g++' (c++ compiler)
find program=['g++', 'c++'] paths=['/usr/local/cs/bin', '/usr/lib64/qt-3.3/bin', '/usr/local/bin', '/bin', '/usr/bin', '/opt/dell/srvadmin/bin', '/usr/X11R6/bin'] var='CXX' -> '/usr/local/cs/bin/g++'
(tool ar is already loaded, skipping)
/usr/local/cs/bin/g++
----------------------------------------
Checking boost includes
1_52
----------------------------------------
Checking boost libs
Found the boost path in /u/cs/grad/yingdi/boost/lib with the libraries:
    /u/cs/grad/yingdi/boost/lib/libboost_chrono.a
    /u/cs/grad/yingdi/boost/lib/libboost_chrono.so
    /u/cs/grad/yingdi/boost/lib/libboost_chrono.so.1.52.0
    /u/cs/grad/yingdi/boost/lib/libboost_context.a
    /u/cs/grad/yingdi/boost/lib/libboost_context.so
    /u/cs/grad/yingdi/boost/lib/libboost_context.so.1.52.0
    /u/cs/grad/yingdi/boost/lib/libboost_date_time.a
    /u/cs/grad/yingdi/boost/lib/libboost_date_time.so
    /u/cs/grad/yingdi/boost/lib/libboost_date_time.so.1.52.0
    /u/cs/grad/yingdi/boost/lib/libboost_exception.a
    /u/cs/grad/yingdi/boost/lib/libboost_filesystem.a
    /u/cs/grad/yingdi/boost/lib/libboost_filesystem.so
    /u/cs/grad/yingdi/boost/lib/libboost_filesystem.so.1.52.0
    /u/cs/grad/yingdi/boost/lib/libboost_graph.a
    /u/cs/grad/yingdi/boost/lib/libboost_graph.so
    /u/cs/grad/yingdi/boost/lib/libboost_graph.so.1.52.0
    /u/cs/grad/yingdi/boost/lib/libboost_iostreams.a
    /u/cs/grad/yingdi/boost/lib/libboost_iostreams.so
    /u/cs/grad/yingdi/boost/lib/libboost_iostreams.so.1.52.0
    /u/cs/grad/yingdi/boost/lib/libboost_locale.a
    /u/cs/grad/yingdi/boost/lib/libboost_locale.so
    /u/cs/grad/yingdi/boost/lib/libboost_locale.so.1.52.0
    /u/cs/grad/yingdi/boost/lib/libboost_math_c99.a
    /u/cs/grad/yingdi/boost/lib/libboost_math_c99.so
    /u/cs/grad/yingdi/boost/lib/libboost_math_c99.so.1.52.0
    /u/cs/grad/yingdi/boost/lib/libboost_math_c99f.a
    /u/cs/grad/yingdi/boost/lib/libboost_math_c99f.so
    /u/cs/grad/yingdi/boost/lib/libboost_math_c99f.so.1.52.0
    /u/cs/grad/yingdi/boost/lib/libboost_math_c99l.a
    /u/cs/grad/yingdi/boost/lib/libboost_math_c99l.so
    /u/cs/grad/yingdi/boost/lib/libboost_math_c99l.so.1.52.0
    /u/cs/grad/yingdi/boost/lib/libboost_math_tr1.a
    /u/cs/grad/yingdi/boost/lib/libboost_math_tr1.so
    /u/cs/grad/yingdi/boost/lib/libboost_math_tr1.so.1.52.0
    /u/cs/grad/yingdi/boost/lib/libboost_math_tr1f.a
    /u/cs/grad/yingdi/boost/lib/libboost_math_tr1f.so
    /u/cs/grad/yingdi/boost/lib/libboost_math_tr1f.so.1.52.0
    /u/cs/grad/yingdi/boost/lib/libboost_math_tr1l.a
    /u/cs/grad/yingdi/boost/lib/libboost_math_tr1l.so
    /u/cs/grad/yingdi/boost/lib/libboost_math_tr1l.so.1.52.0
    /u/cs/grad/yingdi/boost/lib/libboost_prg_exec_monitor.a
    /u/cs/grad/yingdi/boost/lib/libboost_prg_exec_monitor.so
    /u/cs/grad/yingdi/boost/lib/libboost_prg_exec_monitor.so.1.52.0
    /u/cs/grad/yingdi/boost/lib/libboost_program_options.a
    /u/cs/grad/yingdi/boost/lib/libboost_program_options.so
    /u/cs/grad/yingdi/boost/lib/libboost_program_options.so.1.52.0
    /u/cs/grad/yingdi/boost/lib/libboost_python.a
    /u/cs/grad/yingdi/boost/lib/libboost_python.so
    /u/cs/grad/yingdi/boost/lib/libboost_python.so.1.52.0
    /u/cs/grad/yingdi/boost/lib/libboost_random.a
    /u/cs/grad/yingdi/boost/lib/libboost_random.so
    /u/cs/grad/yingdi/boost/lib/libboost_random.so.1.52.0
    /u/cs/grad/yingdi/boost/lib/libboost_regex.a
    /u/cs/grad/yingdi/boost/lib/libboost_regex.so
    /u/cs/grad/yingdi/boost/lib/libboost_regex.so.1.52.0
    /u/cs/grad/yingdi/boost/lib/libboost_serialization.a
    /u/cs/grad/yingdi/boost/lib/libboost_serialization.so
    /u/cs/grad/yingdi/boost/lib/libboost_serialization.so.1.52.0
    /u/cs/grad/yingdi/boost/lib/libboost_signals.a
    /u/cs/grad/yingdi/boost/lib/libboost_signals.so
    /u/cs/grad/yingdi/boost/lib/libboost_signals.so.1.52.0
    /u/cs/grad/yingdi/boost/lib/libboost_system.a
    /u/cs/grad/yingdi/boost/lib/libboost_system.so
    /u/cs/grad/yingdi/boost/lib/libboost_system.so.1.52.0
    /u/cs/grad/yingdi/boost/lib/libboost_test_exec_monitor.a
    /u/cs/grad/yingdi/boost/lib/libboost_thread.a
    /u/cs/grad/yingdi/boost/lib/libboost_thread.so
    /u/cs/grad/yingdi/boost/lib/libboost_thread.so.1.52.0
    /u/cs/grad/yingdi/boost/lib/libboost_timer.a
    /u/cs/grad/yingdi/boost/lib/libboost_timer.so
    /u/cs/grad/yingdi/boost/lib/libboost_timer.so.1.52.0
    /u/cs/grad/yingdi/boost/lib/libboost_unit_test_framework.a
    /u/cs/grad/yingdi/boost/lib/libboost_unit_test_framework.so
    /u/cs/grad/yingdi/boost/lib/libboost_unit_test_framework.so.1.52.0
    /u/cs/grad/yingdi/boost/lib/libboost_wave.a
    /u/cs/grad/yingdi/boost/lib/libboost_wave.so
    /u/cs/grad/yingdi/boost/lib/libboost_wave.so.1.52.0
    /u/cs/grad/yingdi/boost/lib/libboost_wserialization.a
    /u/cs/grad/yingdi/boost/lib/libboost_wserialization.so
    /u/cs/grad/yingdi/boost/lib/libboost_wserialization.so.1.52.0
Trying pattern boost_thread(-gcc[0-9]{0,3})+(-1_52)+
Trying pattern boost_thread(-1_52)+
Trying pattern boost_thread(-1_52)+
Trying pattern boost_thread(-gcc[0-9]{0,3})+
Trying pattern boost_thread
Found boost lib libboost_thread.a
ok
----------------------------------------
Checking for boost linkage
==>
#include <boost/thread.hpp>
int main() { boost::thread t; }
<==
[1/2] [32mcxx: build/.conf_check_f9432292e9cb949513778706dc8c1baa/test.cpp -> build/.conf_check_f9432292e9cb949513778706dc8c1baa/testbuild/test.cpp.1.o
[0m
['/usr/local/cs/bin/g++', '-I/u/cs/grad/yingdi/boost/include', '../test.cpp', '-c', '-o', 'test.cpp.1.o']
[2/2] [33mcxxprogram: build/.conf_check_f9432292e9cb949513778706dc8c1baa/testbuild/test.cpp.1.o -> build/.conf_check_f9432292e9cb949513778706dc8c1baa/testbuild/testprog
[0m
['/usr/local/cs/bin/g++', 'test.cpp.1.o', '-o', '/w/ugrad.10/cs/dao/cs118/build/.conf_check_f9432292e9cb949513778706dc8c1baa/testbuild/testprog', '-Wl,-Bstatic', '-Wl,-Bdynamic', '-L/u/cs/grad/yingdi/boost/lib', '-lboost_thread']
ok
